<?xml version="1.0" encoding="UTF-8"?>
<testsuite xmlns:xsi="http://www.w3.org/2001/XMLSchema-instance" xsi:noNamespaceSchemaLocation="https://maven.apache.org/surefire/maven-surefire-plugin/xsd/surefire-test-report.xsd" name="com.syntm.ParseTSTest" time="0.032" tests="1" errors="0" skipped="0" failures="0">
  <properties>
    <property name="java.specification.version" value="20"/>
    <property name="sun.jnu.encoding" value="UTF-8"/>
    <property name="java.class.path" value="/Users/yehiaa/Documents/git/teamwork/target/test-classes:/Users/yehiaa/Documents/git/teamwork/target/classes:/Users/yehiaa/.m2/repository/com/github/docker-java/docker-java/3.0.14/docker-java-3.0.14.jar:/Users/yehiaa/.m2/repository/com/fasterxml/jackson/jaxrs/jackson-jaxrs-json-provider/2.6.4/jackson-jaxrs-json-provider-2.6.4.jar:/Users/yehiaa/.m2/repository/com/fasterxml/jackson/jaxrs/jackson-jaxrs-base/2.6.4/jackson-jaxrs-base-2.6.4.jar:/Users/yehiaa/.m2/repository/com/fasterxml/jackson/core/jackson-core/2.6.4/jackson-core-2.6.4.jar:/Users/yehiaa/.m2/repository/com/fasterxml/jackson/core/jackson-databind/2.6.4/jackson-databind-2.6.4.jar:/Users/yehiaa/.m2/repository/com/fasterxml/jackson/core/jackson-annotations/2.6.0/jackson-annotations-2.6.0.jar:/Users/yehiaa/.m2/repository/com/fasterxml/jackson/module/jackson-module-jaxb-annotations/2.6.4/jackson-module-jaxb-annotations-2.6.4.jar:/Users/yehiaa/.m2/repository/org/glassfish/jersey/connectors/jersey-apache-connector/2.23.1/jersey-apache-connector-2.23.1.jar:/Users/yehiaa/.m2/repository/org/glassfish/jersey/core/jersey-common/2.23.1/jersey-common-2.23.1.jar:/Users/yehiaa/.m2/repository/javax/annotation/javax.annotation-api/1.2/javax.annotation-api-1.2.jar:/Users/yehiaa/.m2/repository/org/glassfish/jersey/bundles/repackaged/jersey-guava/2.23.1/jersey-guava-2.23.1.jar:/Users/yehiaa/.m2/repository/org/glassfish/hk2/osgi-resource-locator/1.0.1/osgi-resource-locator-1.0.1.jar:/Users/yehiaa/.m2/repository/javax/ws/rs/javax.ws.rs-api/2.0.1/javax.ws.rs-api-2.0.1.jar:/Users/yehiaa/.m2/repository/org/apache/httpcomponents/httpcore/4.4.5/httpcore-4.4.5.jar:/Users/yehiaa/.m2/repository/org/apache/httpcomponents/httpclient/4.5/httpclient-4.5.jar:/Users/yehiaa/.m2/repository/org/glassfish/jersey/core/jersey-client/2.23.1/jersey-client-2.23.1.jar:/Users/yehiaa/.m2/repository/org/glassfish/hk2/hk2-api/2.4.0-b34/hk2-api-2.4.0-b34.jar:/Users/yehiaa/.m2/repository/org/glassfish/hk2/hk2-utils/2.4.0-b34/hk2-utils-2.4.0-b34.jar:/Users/yehiaa/.m2/repository/org/glassfish/hk2/external/aopalliance-repackaged/2.4.0-b34/aopalliance-repackaged-2.4.0-b34.jar:/Users/yehiaa/.m2/repository/org/glassfish/hk2/external/javax.inject/2.4.0-b34/javax.inject-2.4.0-b34.jar:/Users/yehiaa/.m2/repository/org/glassfish/hk2/hk2-locator/2.4.0-b34/hk2-locator-2.4.0-b34.jar:/Users/yehiaa/.m2/repository/org/javassist/javassist/3.18.1-GA/javassist-3.18.1-GA.jar:/Users/yehiaa/.m2/repository/com/kohlschutter/junixsocket/junixsocket-common/2.0.4/junixsocket-common-2.0.4.jar:/Users/yehiaa/.m2/repository/log4j/log4j/1.2.17/log4j-1.2.17.jar:/Users/yehiaa/.m2/repository/com/kohlschutter/junixsocket/junixsocket-native-common/2.0.4/junixsocket-native-common-2.0.4.jar:/Users/yehiaa/.m2/repository/org/scijava/native-lib-loader/2.0.2/native-lib-loader-2.0.2.jar:/Users/yehiaa/.m2/repository/org/apache/commons/commons-compress/1.12/commons-compress-1.12.jar:/Users/yehiaa/.m2/repository/commons-codec/commons-codec/1.10/commons-codec-1.10.jar:/Users/yehiaa/.m2/repository/commons-lang/commons-lang/2.6/commons-lang-2.6.jar:/Users/yehiaa/.m2/repository/commons-io/commons-io/2.5/commons-io-2.5.jar:/Users/yehiaa/.m2/repository/org/slf4j/slf4j-api/1.7.21/slf4j-api-1.7.21.jar:/Users/yehiaa/.m2/repository/org/slf4j/jcl-over-slf4j/1.7.21/jcl-over-slf4j-1.7.21.jar:/Users/yehiaa/.m2/repository/com/google/guava/guava/19.0/guava-19.0.jar:/Users/yehiaa/.m2/repository/org/bouncycastle/bcpkix-jdk15on/1.54/bcpkix-jdk15on-1.54.jar:/Users/yehiaa/.m2/repository/org/bouncycastle/bcprov-jdk15on/1.54/bcprov-jdk15on-1.54.jar:/Users/yehiaa/.m2/repository/io/netty/netty-codec-http/4.1.11.Final/netty-codec-http-4.1.11.Final.jar:/Users/yehiaa/.m2/repository/io/netty/netty-codec/4.1.11.Final/netty-codec-4.1.11.Final.jar:/Users/yehiaa/.m2/repository/io/netty/netty-handler/4.1.11.Final/netty-handler-4.1.11.Final.jar:/Users/yehiaa/.m2/repository/io/netty/netty-buffer/4.1.11.Final/netty-buffer-4.1.11.Final.jar:/Users/yehiaa/.m2/repository/io/netty/netty-transport/4.1.11.Final/netty-transport-4.1.11.Final.jar:/Users/yehiaa/.m2/repository/io/netty/netty-resolver/4.1.11.Final/netty-resolver-4.1.11.Final.jar:/Users/yehiaa/.m2/repository/io/netty/netty-handler-proxy/4.1.11.Final/netty-handler-proxy-4.1.11.Final.jar:/Users/yehiaa/.m2/repository/io/netty/netty-codec-socks/4.1.11.Final/netty-codec-socks-4.1.11.Final.jar:/Users/yehiaa/.m2/repository/io/netty/netty-transport-native-epoll/4.1.11.Final/netty-transport-native-epoll-4.1.11.Final-linux-x86_64.jar:/Users/yehiaa/.m2/repository/io/netty/netty-common/4.1.11.Final/netty-common-4.1.11.Final.jar:/Users/yehiaa/.m2/repository/io/netty/netty-transport-native-unix-common/4.1.11.Final/netty-transport-native-unix-common-4.1.11.Final.jar:/Users/yehiaa/.m2/repository/io/netty/netty-transport-native-kqueue/4.1.11.Final/netty-transport-native-kqueue-4.1.11.Final-osx-x86_64.jar:/Users/yehiaa/.m2/repository/junit/junit/4.11/junit-4.11.jar:/Users/yehiaa/.m2/repository/org/hamcrest/hamcrest-core/1.3/hamcrest-core-1.3.jar:/Users/yehiaa/.m2/repository/org/graalvm/js/js/20.0.0/js-20.0.0.jar:/Users/yehiaa/.m2/repository/org/graalvm/regex/regex/20.0.0/regex-20.0.0.jar:/Users/yehiaa/.m2/repository/org/graalvm/truffle/truffle-api/20.0.0/truffle-api-20.0.0.jar:/Users/yehiaa/.m2/repository/org/graalvm/sdk/graal-sdk/20.0.0/graal-sdk-20.0.0.jar:/Users/yehiaa/.m2/repository/org/ow2/asm/asm/7.1/asm-7.1.jar:/Users/yehiaa/.m2/repository/org/ow2/asm/asm-tree/7.1/asm-tree-7.1.jar:/Users/yehiaa/.m2/repository/org/ow2/asm/asm-analysis/7.1/asm-analysis-7.1.jar:/Users/yehiaa/.m2/repository/org/ow2/asm/asm-commons/7.1/asm-commons-7.1.jar:/Users/yehiaa/.m2/repository/org/ow2/asm/asm-util/7.1/asm-util-7.1.jar:/Users/yehiaa/.m2/repository/com/ibm/icu/icu4j/64.2/icu4j-64.2.jar:/Users/yehiaa/.m2/repository/ch/qos/logback/logback-classic/1.2.3/logback-classic-1.2.3.jar:/Users/yehiaa/.m2/repository/ch/qos/logback/logback-core/1.2.3/logback-core-1.2.3.jar:"/>
    <property name="java.vm.vendor" value="Homebrew"/>
    <property name="sun.arch.data.model" value="64"/>
    <property name="java.vendor.url" value="https://github.com/Homebrew/homebrew-core/issues"/>
    <property name="os.name" value="Mac OS X"/>
    <property name="java.vm.specification.version" value="20"/>
    <property name="sun.java.launcher" value="SUN_STANDARD"/>
    <property name="user.country" value="GB"/>
    <property name="sun.boot.library.path" value="/usr/local/Cellar/openjdk/20.0.2/libexec/openjdk.jdk/Contents/Home/lib"/>
    <property name="sun.java.command" value="/Users/yehiaa/Documents/git/teamwork/target/surefire/surefirebooter1972786148631074718.jar /Users/yehiaa/Documents/git/teamwork/target/surefire 2023-10-24T11-18-19_188-jvmRun1 surefire4948281150968275330tmp surefire_08246135448670345164tmp"/>
    <property name="http.nonProxyHosts" value="local|*.local|169.254/16|*.169.254/16"/>
    <property name="jdk.debug" value="release"/>
    <property name="surefire.test.class.path" value="/Users/yehiaa/Documents/git/teamwork/target/test-classes:/Users/yehiaa/Documents/git/teamwork/target/classes:/Users/yehiaa/.m2/repository/com/github/docker-java/docker-java/3.0.14/docker-java-3.0.14.jar:/Users/yehiaa/.m2/repository/com/fasterxml/jackson/jaxrs/jackson-jaxrs-json-provider/2.6.4/jackson-jaxrs-json-provider-2.6.4.jar:/Users/yehiaa/.m2/repository/com/fasterxml/jackson/jaxrs/jackson-jaxrs-base/2.6.4/jackson-jaxrs-base-2.6.4.jar:/Users/yehiaa/.m2/repository/com/fasterxml/jackson/core/jackson-core/2.6.4/jackson-core-2.6.4.jar:/Users/yehiaa/.m2/repository/com/fasterxml/jackson/core/jackson-databind/2.6.4/jackson-databind-2.6.4.jar:/Users/yehiaa/.m2/repository/com/fasterxml/jackson/core/jackson-annotations/2.6.0/jackson-annotations-2.6.0.jar:/Users/yehiaa/.m2/repository/com/fasterxml/jackson/module/jackson-module-jaxb-annotations/2.6.4/jackson-module-jaxb-annotations-2.6.4.jar:/Users/yehiaa/.m2/repository/org/glassfish/jersey/connectors/jersey-apache-connector/2.23.1/jersey-apache-connector-2.23.1.jar:/Users/yehiaa/.m2/repository/org/glassfish/jersey/core/jersey-common/2.23.1/jersey-common-2.23.1.jar:/Users/yehiaa/.m2/repository/javax/annotation/javax.annotation-api/1.2/javax.annotation-api-1.2.jar:/Users/yehiaa/.m2/repository/org/glassfish/jersey/bundles/repackaged/jersey-guava/2.23.1/jersey-guava-2.23.1.jar:/Users/yehiaa/.m2/repository/org/glassfish/hk2/osgi-resource-locator/1.0.1/osgi-resource-locator-1.0.1.jar:/Users/yehiaa/.m2/repository/javax/ws/rs/javax.ws.rs-api/2.0.1/javax.ws.rs-api-2.0.1.jar:/Users/yehiaa/.m2/repository/org/apache/httpcomponents/httpcore/4.4.5/httpcore-4.4.5.jar:/Users/yehiaa/.m2/repository/org/apache/httpcomponents/httpclient/4.5/httpclient-4.5.jar:/Users/yehiaa/.m2/repository/org/glassfish/jersey/core/jersey-client/2.23.1/jersey-client-2.23.1.jar:/Users/yehiaa/.m2/repository/org/glassfish/hk2/hk2-api/2.4.0-b34/hk2-api-2.4.0-b34.jar:/Users/yehiaa/.m2/repository/org/glassfish/hk2/hk2-utils/2.4.0-b34/hk2-utils-2.4.0-b34.jar:/Users/yehiaa/.m2/repository/org/glassfish/hk2/external/aopalliance-repackaged/2.4.0-b34/aopalliance-repackaged-2.4.0-b34.jar:/Users/yehiaa/.m2/repository/org/glassfish/hk2/external/javax.inject/2.4.0-b34/javax.inject-2.4.0-b34.jar:/Users/yehiaa/.m2/repository/org/glassfish/hk2/hk2-locator/2.4.0-b34/hk2-locator-2.4.0-b34.jar:/Users/yehiaa/.m2/repository/org/javassist/javassist/3.18.1-GA/javassist-3.18.1-GA.jar:/Users/yehiaa/.m2/repository/com/kohlschutter/junixsocket/junixsocket-common/2.0.4/junixsocket-common-2.0.4.jar:/Users/yehiaa/.m2/repository/log4j/log4j/1.2.17/log4j-1.2.17.jar:/Users/yehiaa/.m2/repository/com/kohlschutter/junixsocket/junixsocket-native-common/2.0.4/junixsocket-native-common-2.0.4.jar:/Users/yehiaa/.m2/repository/org/scijava/native-lib-loader/2.0.2/native-lib-loader-2.0.2.jar:/Users/yehiaa/.m2/repository/org/apache/commons/commons-compress/1.12/commons-compress-1.12.jar:/Users/yehiaa/.m2/repository/commons-codec/commons-codec/1.10/commons-codec-1.10.jar:/Users/yehiaa/.m2/repository/commons-lang/commons-lang/2.6/commons-lang-2.6.jar:/Users/yehiaa/.m2/repository/commons-io/commons-io/2.5/commons-io-2.5.jar:/Users/yehiaa/.m2/repository/org/slf4j/slf4j-api/1.7.21/slf4j-api-1.7.21.jar:/Users/yehiaa/.m2/repository/org/slf4j/jcl-over-slf4j/1.7.21/jcl-over-slf4j-1.7.21.jar:/Users/yehiaa/.m2/repository/com/google/guava/guava/19.0/guava-19.0.jar:/Users/yehiaa/.m2/repository/org/bouncycastle/bcpkix-jdk15on/1.54/bcpkix-jdk15on-1.54.jar:/Users/yehiaa/.m2/repository/org/bouncycastle/bcprov-jdk15on/1.54/bcprov-jdk15on-1.54.jar:/Users/yehiaa/.m2/repository/io/netty/netty-codec-http/4.1.11.Final/netty-codec-http-4.1.11.Final.jar:/Users/yehiaa/.m2/repository/io/netty/netty-codec/4.1.11.Final/netty-codec-4.1.11.Final.jar:/Users/yehiaa/.m2/repository/io/netty/netty-handler/4.1.11.Final/netty-handler-4.1.11.Final.jar:/Users/yehiaa/.m2/repository/io/netty/netty-buffer/4.1.11.Final/netty-buffer-4.1.11.Final.jar:/Users/yehiaa/.m2/repository/io/netty/netty-transport/4.1.11.Final/netty-transport-4.1.11.Final.jar:/Users/yehiaa/.m2/repository/io/netty/netty-resolver/4.1.11.Final/netty-resolver-4.1.11.Final.jar:/Users/yehiaa/.m2/repository/io/netty/netty-handler-proxy/4.1.11.Final/netty-handler-proxy-4.1.11.Final.jar:/Users/yehiaa/.m2/repository/io/netty/netty-codec-socks/4.1.11.Final/netty-codec-socks-4.1.11.Final.jar:/Users/yehiaa/.m2/repository/io/netty/netty-transport-native-epoll/4.1.11.Final/netty-transport-native-epoll-4.1.11.Final-linux-x86_64.jar:/Users/yehiaa/.m2/repository/io/netty/netty-common/4.1.11.Final/netty-common-4.1.11.Final.jar:/Users/yehiaa/.m2/repository/io/netty/netty-transport-native-unix-common/4.1.11.Final/netty-transport-native-unix-common-4.1.11.Final.jar:/Users/yehiaa/.m2/repository/io/netty/netty-transport-native-kqueue/4.1.11.Final/netty-transport-native-kqueue-4.1.11.Final-osx-x86_64.jar:/Users/yehiaa/.m2/repository/junit/junit/4.11/junit-4.11.jar:/Users/yehiaa/.m2/repository/org/hamcrest/hamcrest-core/1.3/hamcrest-core-1.3.jar:/Users/yehiaa/.m2/repository/org/graalvm/js/js/20.0.0/js-20.0.0.jar:/Users/yehiaa/.m2/repository/org/graalvm/regex/regex/20.0.0/regex-20.0.0.jar:/Users/yehiaa/.m2/repository/org/graalvm/truffle/truffle-api/20.0.0/truffle-api-20.0.0.jar:/Users/yehiaa/.m2/repository/org/graalvm/sdk/graal-sdk/20.0.0/graal-sdk-20.0.0.jar:/Users/yehiaa/.m2/repository/org/ow2/asm/asm/7.1/asm-7.1.jar:/Users/yehiaa/.m2/repository/org/ow2/asm/asm-tree/7.1/asm-tree-7.1.jar:/Users/yehiaa/.m2/repository/org/ow2/asm/asm-analysis/7.1/asm-analysis-7.1.jar:/Users/yehiaa/.m2/repository/org/ow2/asm/asm-commons/7.1/asm-commons-7.1.jar:/Users/yehiaa/.m2/repository/org/ow2/asm/asm-util/7.1/asm-util-7.1.jar:/Users/yehiaa/.m2/repository/com/ibm/icu/icu4j/64.2/icu4j-64.2.jar:/Users/yehiaa/.m2/repository/ch/qos/logback/logback-classic/1.2.3/logback-classic-1.2.3.jar:/Users/yehiaa/.m2/repository/ch/qos/logback/logback-core/1.2.3/logback-core-1.2.3.jar:"/>
    <property name="sun.cpu.endian" value="little"/>
    <property name="user.home" value="/Users/yehiaa"/>
    <property name="user.language" value="en"/>
    <property name="java.specification.vendor" value="Oracle Corporation"/>
    <property name="java.version.date" value="2023-07-18"/>
    <property name="java.home" value="/usr/local/Cellar/openjdk/20.0.2/libexec/openjdk.jdk/Contents/Home"/>
    <property name="file.separator" value="/"/>
    <property name="basedir" value="/Users/yehiaa/Documents/git/teamwork"/>
    <property name="java.vm.compressedOopsMode" value="Zero based"/>
    <property name="line.separator" value="&#10;"/>
    <property name="java.vm.specification.vendor" value="Oracle Corporation"/>
    <property name="java.specification.name" value="Java Platform API Specification"/>
    <property name="apple.awt.application.name" value="ForkedBooter"/>
    <property name="surefire.real.class.path" value="/Users/yehiaa/Documents/git/teamwork/target/surefire/surefirebooter1972786148631074718.jar"/>
    <property name="sun.management.compiler" value="HotSpot 64-Bit Tiered Compilers"/>
    <property name="ftp.nonProxyHosts" value="local|*.local|169.254/16|*.169.254/16"/>
    <property name="java.runtime.version" value="20.0.2"/>
    <property name="user.name" value="yehiaa"/>
    <property name="stdout.encoding" value="UTF-8"/>
    <property name="path.separator" value=":"/>
    <property name="os.version" value="14.0"/>
    <property name="java.runtime.name" value="OpenJDK Runtime Environment"/>
    <property name="file.encoding" value="UTF-8"/>
    <property name="java.vm.name" value="OpenJDK 64-Bit Server VM"/>
    <property name="java.vendor.version" value="Homebrew"/>
    <property name="localRepository" value="/Users/yehiaa/.m2/repository"/>
    <property name="java.vendor.url.bug" value="https://github.com/Homebrew/homebrew-core/issues"/>
    <property name="java.io.tmpdir" value="/var/folders/17/1wx3hmdx6913b55q0534j2dc0000gn/T/"/>
    <property name="java.version" value="20.0.2"/>
    <property name="user.dir" value="/Users/yehiaa/Documents/git/teamwork"/>
    <property name="os.arch" value="x86_64"/>
    <property name="java.vm.specification.name" value="Java Virtual Machine Specification"/>
    <property name="native.encoding" value="UTF-8"/>
    <property name="java.library.path" value="/Users/yehiaa/Library/Java/Extensions:/Library/Java/Extensions:/Network/Library/Java/Extensions:/System/Library/Java/Extensions:/usr/lib/java:."/>
    <property name="java.vm.info" value="mixed mode, sharing"/>
    <property name="stderr.encoding" value="UTF-8"/>
    <property name="java.vendor" value="Homebrew"/>
    <property name="java.vm.version" value="20.0.2"/>
    <property name="sun.io.unicode.encoding" value="UnicodeBig"/>
    <property name="socksNonProxyHosts" value="local|*.local|169.254/16|*.169.254/16"/>
    <property name="java.class.version" value="64.0"/>
  </properties>
  <testcase name="shouldAnswerWithTrue" classname="com.syntm.ParseTSTest" time="0.002"/>
</testsuite>